[debug] [2025-12-10T08:04:29.984Z] ----------------------------------------------------------------------
[debug] [2025-12-10T08:04:29.986Z] Command:       /opt/homebrew/Cellar/node@22/22.21.1_4/bin/node /opt/homebrew/opt/node@22/bin/firebase deploy --only hosting
[debug] [2025-12-10T08:04:29.986Z] CLI Version:   14.26.0
[debug] [2025-12-10T08:04:29.986Z] Platform:      darwin
[debug] [2025-12-10T08:04:29.986Z] Node Version:  v22.21.1
[debug] [2025-12-10T08:04:29.987Z] Time:          Wed Dec 10 2025 05:04:29 GMT-0300 (Brasilia Standard Time)
[debug] [2025-12-10T08:04:29.987Z] ----------------------------------------------------------------------
[debug] 
[debug] [2025-12-10T08:04:30.089Z] > command requires scopes: ["email","openid","https://www.googleapis.com/auth/cloudplatformprojects.readonly","https://www.googleapis.com/auth/firebase","https://www.googleapis.com/auth/cloud-platform"]
[debug] [2025-12-10T08:04:30.090Z] > authorizing via signed-in user (dannovaisv@gmail.com)
[debug] [2025-12-10T08:04:30.090Z] [iam] checking project portfolio-danilo-novais for permissions ["firebase.projects.get","firebasehosting.sites.update"]
[debug] [2025-12-10T08:04:30.090Z] Checked if tokens are valid: true, expires at: 1765354883643
[debug] [2025-12-10T08:04:30.090Z] Checked if tokens are valid: true, expires at: 1765354883643
[debug] [2025-12-10T08:04:30.091Z] >>> [apiv2][query] POST https://cloudresourcemanager.googleapis.com/v1/projects/portfolio-danilo-novais:testIamPermissions [none]
[debug] [2025-12-10T08:04:30.091Z] >>> [apiv2][(partial)header] POST https://cloudresourcemanager.googleapis.com/v1/projects/portfolio-danilo-novais:testIamPermissions x-goog-quota-user=projects/portfolio-danilo-novais
[debug] [2025-12-10T08:04:30.091Z] >>> [apiv2][body] POST https://cloudresourcemanager.googleapis.com/v1/projects/portfolio-danilo-novais:testIamPermissions {"permissions":["firebase.projects.get","firebasehosting.sites.update"]}
[debug] [2025-12-10T08:04:31.002Z] <<< [apiv2][status] POST https://cloudresourcemanager.googleapis.com/v1/projects/portfolio-danilo-novais:testIamPermissions 200
[debug] [2025-12-10T08:04:31.002Z] <<< [apiv2][body] POST https://cloudresourcemanager.googleapis.com/v1/projects/portfolio-danilo-novais:testIamPermissions {"permissions":["firebase.projects.get","firebasehosting.sites.update"]}
[debug] [2025-12-10T08:04:31.002Z] Checked if tokens are valid: true, expires at: 1765354883643
[debug] [2025-12-10T08:04:31.002Z] Checked if tokens are valid: true, expires at: 1765354883643
[debug] [2025-12-10T08:04:31.002Z] >>> [apiv2][query] GET https://firebase.googleapis.com/v1beta1/projects/portfolio-danilo-novais [none]
[debug] [2025-12-10T08:04:31.528Z] <<< [apiv2][status] GET https://firebase.googleapis.com/v1beta1/projects/portfolio-danilo-novais 200
[debug] [2025-12-10T08:04:31.528Z] <<< [apiv2][body] GET https://firebase.googleapis.com/v1beta1/projects/portfolio-danilo-novais {"projectId":"portfolio-danilo-novais","projectNumber":"350817205989","displayName":"Portfolio Danilo Novais","name":"projects/portfolio-danilo-novais","resources":{"hostingSite":"portfolio-danilo-novais","realtimeDatabaseInstance":"portfolio-danilo-novais-default-rtdb"},"state":"ACTIVE","etag":"1_8228a080-6dec-4334-ac90-5934755a5e83"}
[debug] [2025-12-10T08:04:32.477Z] Checked if tokens are valid: true, expires at: 1765354883643
[debug] [2025-12-10T08:04:32.477Z] Checked if tokens are valid: true, expires at: 1765354883643
[debug] [2025-12-10T08:04:32.477Z] >>> [apiv2][query] GET https://firebasehosting.googleapis.com/v1beta1/projects/portfolio-danilo-novais/sites pageToken=&pageSize=10
[debug] [2025-12-10T08:04:33.579Z] <<< [apiv2][status] GET https://firebasehosting.googleapis.com/v1beta1/projects/portfolio-danilo-novais/sites 200
[debug] [2025-12-10T08:04:33.579Z] <<< [apiv2][body] GET https://firebasehosting.googleapis.com/v1beta1/projects/portfolio-danilo-novais/sites {"sites":[{"name":"projects/portfolio-danilo-novais/sites/portfolio-danilo-novais","defaultUrl":"https://portfolio-danilo-novais.web.app","appId":"1:350817205989:web:f7ae32f12d353ef081de0c","type":"DEFAULT_SITE"}]}
[debug] [2025-12-10T08:04:33.579Z] Checked if tokens are valid: true, expires at: 1765354883643
[debug] [2025-12-10T08:04:33.579Z] Checked if tokens are valid: true, expires at: 1765354883643
[debug] [2025-12-10T08:04:33.579Z] >>> [apiv2][query] GET https://firebase.googleapis.com/v1beta1/projects/-/webApps/1:350817205989:web:f7ae32f12d353ef081de0c/config [none]
[debug] [2025-12-10T08:04:34.893Z] <<< [apiv2][status] GET https://firebase.googleapis.com/v1beta1/projects/-/webApps/1:350817205989:web:f7ae32f12d353ef081de0c/config 200
[debug] [2025-12-10T08:04:34.894Z] <<< [apiv2][body] GET https://firebase.googleapis.com/v1beta1/projects/-/webApps/1:350817205989:web:f7ae32f12d353ef081de0c/config {"projectId":"portfolio-danilo-novais","appId":"1:350817205989:web:f7ae32f12d353ef081de0c","databaseURL":"https://portfolio-danilo-novais-default-rtdb.firebaseio.com","storageBucket":"portfolio-danilo-novais.firebasestorage.app","apiKey":"AIzaSyBe7uThxjKtP0A9QgK9KMu59bAUB4GXj4g","authDomain":"portfolio-danilo-novais.firebaseapp.com","messagingSenderId":"350817205989","measurementId":"G-PM34VYPZZW","projectNumber":"350817205989","version":"2"}
[info] 
   Thank you for trying our early preview of Next.js support on Firebase Hosting.
   During the preview, support is best-effort and breaking changes can be expected. Proceed with caution.
   The integration is known to work with Next.js version 12 - 15.0. You may encounter errors.

   Documentation: https://firebase.google.com/docs/hosting/frameworks/nextjs
   File a bug: https://github.com/firebase/firebase-tools/issues/new?template=bug_report.md
   Submit a feature request: https://github.com/firebase/firebase-tools/issues/new?template=feature_request.md

   We'd love to learn from you. Express your interest in helping us shape the future of Firebase Hosting: https://goo.gle/41enW5X

[debug] [2025-12-10T08:04:36.890Z] Checked if tokens are valid: true, expires at: 1765354883643
[debug] [2025-12-10T08:04:36.890Z] Checked if tokens are valid: true, expires at: 1765354883643
[debug] [2025-12-10T08:04:36.890Z] >>> [apiv2][query] GET https://firebasehosting.googleapis.com/v1beta1/projects/portfolio-danilo-novais/sites/portfolio-danilo-novais [none]
[debug] [2025-12-10T08:04:37.090Z] <<< [apiv2][status] GET https://firebasehosting.googleapis.com/v1beta1/projects/portfolio-danilo-novais/sites/portfolio-danilo-novais 200
[debug] [2025-12-10T08:04:37.091Z] <<< [apiv2][body] GET https://firebasehosting.googleapis.com/v1beta1/projects/portfolio-danilo-novais/sites/portfolio-danilo-novais {"name":"projects/portfolio-danilo-novais/sites/portfolio-danilo-novais","defaultUrl":"https://portfolio-danilo-novais.web.app","appId":"1:350817205989:web:f7ae32f12d353ef081de0c","type":"DEFAULT_SITE"}
[info]    ▲ Next.js 16.0.8 (Turbopack)

[info]    - Environments: .env.local


[info]    Creating an optimized production build ...

[info]  ✓ Compiled successfully in 2.9s

[info]    Running TypeScript ...

[info] Failed to compile.


[info] ./components/home/Hero.tsx:174:19
Type error: Type '{ hidden: { opacity: number; y: number; }; visible: { opacity: number; y: number; transition: { duration: number; ease: "easeOut"; }; }; } | { hidden: { opacity: number; y: number; }; visible: { opacity: number; y: number; transition: { ...; }; }; }' is not assignable to type 'Variants'.
  Type '{ hidden: { opacity: number; y: number; }; visible: { opacity: number; y: number; transition: { duration: number; ease: number[]; }; }; }' is not assignable to type 'Variants'.
    Property 'visible' is incompatible with index signature.
      Type '{ opacity: number; y: number; transition: { duration: number; ease: number[]; }; }' is not assignable to type 'Variant'.
        Type '{ opacity: number; y: number; transition: { duration: number; ease: number[]; }; }' is not assignable to type 'TargetAndTransition'.
          Type '{ opacity: number; y: number; transition: { duration: number; ease: number[]; }; }' is not assignable to type '{ transition?: Transition<any>; transitionEnd?: ResolvedValues; }'.
            Types of property 'transition' are incompatible.
              Type '{ duration: number; ease: number[]; }' is not assignable to type 'Transition<any>'.
                Type '{ duration: number; ease: number[]; }' is not assignable to type 'TransitionWithValueOverrides<any>'.
                  Type '{ duration: number; ease: number[]; }' is not assignable to type 'ValueAnimationTransition<any>'.
                    Types of property 'ease' are incompatible.
                      Type 'number[]' is not assignable to type 'Easing | Easing[]'.
                        Type 'number[]' is not assignable to type 'EasingFunction | Easing[]'.
                          Type 'number[]' is not assignable to type 'Easing[]'.
                            Type 'number' is not assignable to type 'Easing'.

  172 |               <div className="relative z-10 space-y-6 md:space-y-8">
  173 |                 <motion.div
> 174 |                   variants={fadeVariants}
      |                   ^
  175 |                   className="inline-flex items-center gap-3 rounded-full border border-[#111111]/5 bg-white/60 px-4 py-1.5 text-[0.7rem] font-bold uppercase tracking-[0.2em] text-[#0057FF] backdrop-blur-md"
  176 |                 >
  177 |                   [ BRAND AWARENESS ]

[info] Next.js build worker exited with code: 1 and signal: null

[debug] [2025-12-10T08:04:44.290Z] Error: ENOENT: no such file or directory, open '/Users/danilonovais/_danilonov_portfolio/.next/export-marker.json'
[error] 
[error] Error: An unexpected error has occurred.
